[debug] [2026-04-06T15:12:06.316Z] ----------------------------------------------------------------------
[debug] [2026-04-06T15:12:06.335Z] Command:       C:\Program Files\nodejs\node.exe C:\Users\Mirza Computers\AppData\Roaming\npm\node_modules\firebase-tools\lib\bin\firebase.js deploy --only firestore:rules
[debug] [2026-04-06T15:12:06.335Z] CLI Version:   15.13.0
[debug] [2026-04-06T15:12:06.335Z] Platform:      win32
[debug] [2026-04-06T15:12:06.336Z] Node Version:  v22.20.0
[debug] [2026-04-06T15:12:06.336Z] Time:          Mon Apr 06 2026 20:12:06 GMT+0500 (Pakistan Standard Time)
[debug] [2026-04-06T15:12:06.336Z] ----------------------------------------------------------------------
[debug] 
[debug] [2026-04-06T15:12:06.340Z] >>> [apiv2][query] GET https://firebase-public.firebaseio.com/cli.json [none]
[debug] [2026-04-06T15:12:12.649Z] > command requires scopes: ["email","openid","https://www.googleapis.com/auth/cloudplatformprojects.readonly","https://www.googleapis.com/auth/firebase","https://www.googleapis.com/auth/cloud-platform"]
[debug] [2026-04-06T15:12:12.649Z] > authorizing via signed-in user (khanhubnetwork@gmail.com)
[debug] [2026-04-06T15:12:12.649Z] [iam] checking project khanhub-5e552 for permissions ["datastore.indexes.create","datastore.indexes.delete","datastore.indexes.list","datastore.indexes.update","firebase.projects.get"]
[debug] [2026-04-06T15:12:12.650Z] Checked if tokens are valid: false, expires at: 1775478474281
[debug] [2026-04-06T15:12:12.651Z] Checked if tokens are valid: false, expires at: 1775478474281
[debug] [2026-04-06T15:12:12.651Z] > refreshing access token with scopes: []
[debug] [2026-04-06T15:12:12.653Z] >>> [apiv2][query] POST https://www.googleapis.com/oauth2/v3/token [none]
[debug] [2026-04-06T15:12:12.653Z] >>> [apiv2][body] POST https://www.googleapis.com/oauth2/v3/token [omitted]
[debug] [2026-04-06T15:12:13.134Z] <<< [apiv2][status] POST https://www.googleapis.com/oauth2/v3/token 200
[debug] [2026-04-06T15:12:13.134Z] <<< [apiv2][body] POST https://www.googleapis.com/oauth2/v3/token [omitted]
[debug] [2026-04-06T15:12:13.151Z] >>> [apiv2][query] POST https://cloudresourcemanager.googleapis.com/v1/projects/khanhub-5e552:testIamPermissions [none]
[debug] [2026-04-06T15:12:13.151Z] >>> [apiv2][(partial)header] POST https://cloudresourcemanager.googleapis.com/v1/projects/khanhub-5e552:testIamPermissions  x-goog-user-project=khanhub-5e552
[debug] [2026-04-06T15:12:13.151Z] >>> [apiv2][body] POST https://cloudresourcemanager.googleapis.com/v1/projects/khanhub-5e552:testIamPermissions {"permissions":["datastore.indexes.create","datastore.indexes.delete","datastore.indexes.list","datastore.indexes.update","firebase.projects.get"]}
[debug] [2026-04-06T15:12:13.491Z] <<< [apiv2][status] GET https://firebase-public.firebaseio.com/cli.json 200
[debug] [2026-04-06T15:12:13.491Z] <<< [apiv2][body] GET https://firebase-public.firebaseio.com/cli.json {"cloudBuildErrorAfter":1594252800000,"cloudBuildWarnAfter":1590019200000,"defaultNode10After":1594252800000,"minVersion":"3.0.5","node8DeploysDisabledAfter":1613390400000,"node8RuntimeDisabledAfter":1615809600000,"node8WarnAfter":1600128000000}
[debug] [2026-04-06T15:12:14.723Z] <<< [apiv2][status] POST https://cloudresourcemanager.googleapis.com/v1/projects/khanhub-5e552:testIamPermissions 200
[debug] [2026-04-06T15:12:14.723Z] <<< [apiv2][body] POST https://cloudresourcemanager.googleapis.com/v1/projects/khanhub-5e552:testIamPermissions {"permissions":["datastore.indexes.create","datastore.indexes.delete","datastore.indexes.list","datastore.indexes.update","firebase.projects.get"]}
[info] 
[info] === Deploying to 'khanhub-5e552'...
[info] 
[info] i  deploying firestore 
[info] i  firestore: ensuring required API firestore.googleapis.com is enabled... 
[info] i  firestore: ensuring required API firestore.googleapis.com is enabled... 
[debug] [2026-04-06T15:12:14.734Z] Checked if tokens are valid: true, expires at: 1775491932135
[debug] [2026-04-06T15:12:14.734Z] Checked if tokens are valid: true, expires at: 1775491932135
[debug] [2026-04-06T15:12:14.735Z] >>> [apiv2][query] GET https://firestore.googleapis.com/v1/projects/khanhub-5e552/databases/(default) [none]
[debug] [2026-04-06T15:12:19.342Z] <<< [apiv2][status] GET https://firestore.googleapis.com/v1/projects/khanhub-5e552/databases/(default) 200
[debug] [2026-04-06T15:12:19.342Z] <<< [apiv2][body] GET https://firestore.googleapis.com/v1/projects/khanhub-5e552/databases/(default) {"name":"projects/khanhub-5e552/databases/(default)","uid":"8f221e47-5f2d-456c-ae70-2ee2ca456fc3","createTime":"2026-02-03T07:37:30.300238Z","updateTime":"2026-02-03T07:37:30.300238Z","locationId":"asia-south1","type":"FIRESTORE_NATIVE","concurrencyMode":"PESSIMISTIC","versionRetentionPeriod":"3600s","earliestVersionTime":"2026-04-06T14:12:17.122285Z","appEngineIntegrationMode":"DISABLED","keyPrefix":"j","pointInTimeRecoveryEnablement":"POINT_IN_TIME_RECOVERY_DISABLED","deleteProtectionState":"DELETE_PROTECTION_DISABLED","databaseEdition":"STANDARD","freeTier":true,"realtimeUpdatesMode":"REALTIME_UPDATES_MODE_ENABLED","etag":"IPmhjL3B2ZMDMMvNtNzS4ZID"}
[info] i  firestore: reading indexes from firestore.indexes.json... 
[info] i  cloud.firestore: checking firestore.rules for compilation errors... 
[debug] [2026-04-06T15:12:19.349Z] Checked if tokens are valid: true, expires at: 1775491932135
[debug] [2026-04-06T15:12:19.349Z] Checked if tokens are valid: true, expires at: 1775491932135
[debug] [2026-04-06T15:12:19.350Z] >>> [apiv2][query] POST https://firebaserules.googleapis.com/v1/projects/khanhub-5e552:test [none]
[debug] [2026-04-06T15:12:19.350Z] >>> [apiv2][body] POST https://firebaserules.googleapis.com/v1/projects/khanhub-5e552:test [omitted]
